--------------------------------------------------------------------------------
Release 14.7 Trace  (nt64)
Copyright (c) 1995-2013 Xilinx, Inc.  All rights reserved.

C:\Xilinx\14.7\ISE_DS\ISE\bin\nt64\unwrapped\trce.exe -intstyle ise -v 3 -s 3
-n 3 -fastpaths -xml alu4bit.twx alu4bit.ncd -o alu4bit.twr alu4bit.pcf -ucf
ucf.ucf

Design file:              alu4bit.ncd
Physical constraint file: alu4bit.pcf
Device,package,speed:     xc7a100t,csg324,C,-3 (PRODUCTION 1.10 2013-10-13)
Report level:             verbose report

Environment Variable      Effect 
--------------------      ------ 
NONE                      No environment variables were set
--------------------------------------------------------------------------------

INFO:Timing:2698 - No timing constraints found, doing default enumeration.
INFO:Timing:3412 - To improve timing, see the Timing Closure User Guide (UG612).
INFO:Timing:2752 - To get complete path coverage, use the unconstrained paths 
   option. All paths that are not constrained will be reported in the 
   unconstrained paths section(s) of the report.
INFO:Timing:3339 - The clock-to-out numbers in this timing report are based on 
   a 50 Ohm transmission line loading model.  For the details of this model, 
   and for more information on accounting for different loading conditions, 
   please see the device datasheet.



Data Sheet report:
-----------------
All values displayed in nanoseconds (ns)

Pad to Pad
---------------+---------------+---------+
Source Pad     |Destination Pad|  Delay  |
---------------+---------------+---------+
A<0>           |F<0>           |    8.979|
A<0>           |F<1>           |    7.486|
A<0>           |F<2>           |    8.076|
A<0>           |F<3>           |    8.844|
A<0>           |F<4>           |    9.120|
A<0>           |F<5>           |    9.135|
A<0>           |F<6>           |    9.023|
A<0>           |F<7>           |    8.779|
A<1>           |F<0>           |    8.747|
A<1>           |F<1>           |    7.508|
A<1>           |F<2>           |    8.123|
A<1>           |F<3>           |    8.702|
A<1>           |F<4>           |    8.877|
A<1>           |F<5>           |    9.027|
A<1>           |F<6>           |    8.915|
A<1>           |F<7>           |    8.671|
A<2>           |F<0>           |    9.093|
A<2>           |F<1>           |    7.721|
A<2>           |F<2>           |    7.678|
A<2>           |F<3>           |    9.277|
A<2>           |F<4>           |    9.023|
A<2>           |F<5>           |    9.078|
A<2>           |F<6>           |    8.966|
A<2>           |F<7>           |    8.901|
A<3>           |F<0>           |    9.067|
A<3>           |F<1>           |    8.132|
A<3>           |F<2>           |    9.045|
A<3>           |F<3>           |    9.202|
A<3>           |F<4>           |    9.781|
A<3>           |F<5>           |    9.963|
A<3>           |F<6>           |    9.851|
A<3>           |F<7>           |    9.647|
B<0>           |F<0>           |    9.298|
B<0>           |F<1>           |    8.000|
B<0>           |F<2>           |    8.429|
B<0>           |F<3>           |    8.743|
B<0>           |F<4>           |    9.377|
B<0>           |F<5>           |    9.097|
B<0>           |F<6>           |    9.030|
B<0>           |F<7>           |    8.939|
B<1>           |F<0>           |    8.914|
B<1>           |F<1>           |    7.989|
B<1>           |F<2>           |    8.418|
B<1>           |F<3>           |    9.199|
B<1>           |F<4>           |    9.429|
B<1>           |F<5>           |    9.611|
B<1>           |F<6>           |    9.499|
B<1>           |F<7>           |    9.255|
B<2>           |F<0>           |    8.930|
B<2>           |F<1>           |    8.224|
B<2>           |F<2>           |    8.318|
B<2>           |F<3>           |    9.256|
B<2>           |F<4>           |    9.282|
B<2>           |F<5>           |    9.258|
B<2>           |F<6>           |    9.146|
B<2>           |F<7>           |    8.902|
B<3>           |F<0>           |    8.294|
B<3>           |F<1>           |    6.907|
B<3>           |F<2>           |    7.899|
B<3>           |F<3>           |    8.061|
B<3>           |F<4>           |    8.056|
B<3>           |F<5>           |    8.269|
B<3>           |F<6>           |    8.202|
B<3>           |F<7>           |    8.186|
C<0>           |F<0>           |    7.875|
C<0>           |F<1>           |    7.835|
C<0>           |F<2>           |    8.214|
C<0>           |F<3>           |    7.591|
C<0>           |F<4>           |    8.204|
C<0>           |F<5>           |    7.681|
C<0>           |F<6>           |    7.518|
C<0>           |F<7>           |    7.699|
C<1>           |F<0>           |    7.901|
C<1>           |F<1>           |    7.802|
C<1>           |F<2>           |    7.566|
C<1>           |F<3>           |    7.661|
C<1>           |F<4>           |    7.866|
C<1>           |F<5>           |    7.878|
C<1>           |F<6>           |    7.711|
C<1>           |F<7>           |    7.893|
---------------+---------------+---------+


Analysis completed Sat Dec 22 22:13:50 2018 
--------------------------------------------------------------------------------

Trace Settings:
-------------------------
Trace Settings 

Peak Memory Usage: 5004 MB



